<?xml version="1.0" encoding="UTF-8"?>
<!-- Generated by org.testng.reporters.JUnitReportReporter -->
<testsuite hostname="LAPTOP-D6EH55C7" failures="0" tests="3" name="testCases.RegisterTest" time="71.094" errors="0" timestamp="2024-07-14T10:27:36 IST" skipped="0">
  <testcase classname="testCases.RegisterTest" name="testRegistration_Login" time="21.888"/>
  <system-out/>
  <testcase classname="testCases.RegisterTest" name="testRegistration_Login" time="27.613"/>
  <system-out/>
  <testcase classname="testCases.RegisterTest" name="testRegistration_Login" time="21.593"/>
  <system-out/>
</testsuite> <!-- testCases.RegisterTest -->
