<?xml version="1.0" encoding="UTF-8"?>
<!-- Generated by org.testng.reporters.JUnitReportReporter -->
<testsuite hostname="LAPTOP-D6EH55C7" failures="0" tests="3" name="testCases.TestCase2" time="66.271" errors="0" timestamp="2024-07-14T15:41:25 IST" skipped="0">
  <testcase classname="testCases.TestCase2" name="TestCase02" time="23.867"/>
  <system-out/>
  <testcase classname="testCases.TestCase2" name="TestCase02" time="21.380"/>
  <system-out/>
  <testcase classname="testCases.TestCase2" name="TestCase02" time="21.024"/>
  <system-out/>
</testsuite> <!-- testCases.TestCase2 -->
