<?xml version="1.0" encoding="UTF-8"?>
<!-- Generated by org.testng.reporters.JUnitReportReporter -->
<testsuite hostname="LAPTOP-D6EH55C7" failures="0" tests="6" name="testCases.TestCases" time="13.542" errors="0" timestamp="2024-07-14T16:44:35 IST" skipped="0">
  <testcase classname="testCases.TestCases" name="testRegistration_Login" time="4.207"/>
  <system-out/>
  <testcase classname="testCases.TestCases" name="testRegistration_Login" time="1.825"/>
  <system-out/>
  <testcase classname="testCases.TestCases" name="testRegistration_Login" time="1.823"/>
  <system-out/>
  <testcase classname="testCases.TestCases" name="TestCase02" time="1.988"/>
  <system-out/>
  <testcase classname="testCases.TestCases" name="TestCase02" time="2.011"/>
  <system-out/>
  <testcase classname="testCases.TestCases" name="TestCase02" time="1.688"/>
  <system-out/>
</testsuite> <!-- testCases.TestCases -->
